TN:
SF:src\app\api\authApi.ts
FN:17,loginApi
FN:27,getApiErrorMessage
FNF:2
FNH:0
FNDA:0,loginApi
FNDA:0,getApiErrorMessage
DA:18,0
DA:20,0
DA:21,0
DA:24,0
DA:28,0
DA:30,0
DA:34,0
LF:7
LH:0
BRDA:20,0,0,0
BRDA:20,0,1,0
BRDA:30,1,0,0
BRDA:30,1,1,0
BRDA:30,1,2,0
BRDA:30,1,3,0
BRDA:34,2,0,0
BRDA:34,2,1,0
BRF:8
BRH:0
end_of_record
TN:
SF:src\app\api\httpClient.ts
FN:10,setAuthToken
FN:22,getAuthToken
FN:33,setAuthErrorHandler
FN:37,defaultBaseUrl
FN:43,createApiClient
FN:52,(anonymous_5)
FN:62,(anonymous_6)
FN:63,(anonymous_7)
FNF:8
FNH:3
FNDA:0,setAuthToken
FNDA:0,getAuthToken
FNDA:3,setAuthErrorHandler
FNDA:4,defaultBaseUrl
FNDA:4,createApiClient
FNDA:0,(anonymous_5)
FNDA:0,(anonymous_6)
FNDA:0,(anonymous_7)
DA:8,4
DA:11,0
DA:12,0
DA:13,0
DA:14,0
DA:16,0
DA:23,0
DA:24,0
DA:26,0
DA:32,4
DA:34,3
DA:39,4
DA:40,4
DA:44,4
DA:52,4
DA:53,0
DA:54,0
DA:55,0
DA:56,0
DA:58,0
DA:61,4
DA:62,0
DA:64,0
DA:67,0
DA:68,0
DA:69,0
DA:70,0
DA:76,0
DA:77,0
DA:81,0
DA:85,4
DA:88,4
LF:32
LH:10
BRDA:12,0,0,0
BRDA:12,0,1,0
BRDA:40,1,0,4
BRDA:40,1,1,4
BRDA:43,2,0,4
BRDA:45,3,0,4
BRDA:45,3,1,4
BRDA:46,4,0,4
BRDA:46,4,1,4
BRDA:54,5,0,0
BRDA:54,5,1,0
BRDA:55,6,0,0
BRDA:55,6,1,0
BRDA:67,7,0,0
BRDA:67,7,1,0
BRDA:67,8,0,0
BRDA:67,8,1,0
BRDA:76,9,0,0
BRDA:76,9,1,0
BRF:19
BRH:7
end_of_record
TN:
SF:src\app\features\auth\authSlice.ts
FN:29,(anonymous_0)
FN:42,(anonymous_1)
FN:48,(anonymous_2)
FN:50,(anonymous_3)
FN:54,(anonymous_4)
FN:58,(anonymous_5)
FN:68,(anonymous_6)
FN:69,(anonymous_7)
FN:70,(anonymous_8)
FNF:9
FNH:8
FNDA:0,(anonymous_0)
FNDA:1,(anonymous_1)
FNDA:4,(anonymous_2)
FNDA:1,(anonymous_3)
FNDA:1,(anonymous_4)
FNDA:1,(anonymous_5)
FNDA:9,(anonymous_6)
FNDA:5,(anonymous_7)
FNDA:5,(anonymous_8)
DA:21,4
DA:27,4
DA:30,0
DA:31,0
DA:33,0
DA:38,4
DA:43,1
DA:44,1
DA:45,1
DA:49,4
DA:51,1
DA:52,1
DA:55,1
DA:56,1
DA:59,1
DA:60,1
DA:65,4
DA:66,4
DA:68,9
DA:69,5
DA:70,5
LF:21
LH:18
BRDA:60,0,0,1
BRDA:60,0,1,0
BRF:2
BRH:1
end_of_record
TN:
SF:src\app\providers\ReduxProvider.tsx
FN:7,(anonymous_0)
FNF:1
FNH:1
FNDA:6,(anonymous_0)
DA:7,3
DA:8,6
LF:2
LH:2
BRF:0
BRH:0
end_of_record
TN:
SF:src\app\providers\ThemeProviders.tsx
FN:11,(anonymous_0)
FNF:1
FNH:1
FNDA:6,(anonymous_0)
DA:11,3
DA:12,6
DA:13,6
LF:3
LH:3
BRDA:12,0,0,6
BRDA:12,0,1,6
BRF:2
BRH:2
end_of_record
TN:
SF:src\app\routing\AppRoutes.tsx
FN:18,(anonymous_0)
FNF:1
FNH:1
FNDA:2,(anonymous_0)
DA:12,1
DA:18,1
DA:19,2
DA:20,2
DA:21,2
DA:23,2
LF:6
LH:6
BRDA:27,0,0,0
BRDA:27,0,1,2
BRF:2
BRH:1
end_of_record
TN:
SF:src\app\shared\appConfig\appconfig.ts
FNF:0
FNH:0
DA:7,3
LF:1
LH:1
BRF:0
BRH:0
end_of_record
TN:
SF:src\app\shared\hooks\useRedux.ts
FNF:0
FNH:0
DA:5,2
DA:6,2
LF:2
LH:2
BRF:0
BRH:0
end_of_record
TN:
SF:src\app\store\index.ts
FN:12,(anonymous_0)
FNF:1
FNH:0
FNDA:0,(anonymous_0)
DA:5,3
DA:12,3
DA:13,0
DA:14,0
LF:4
LH:2
BRF:0
BRH:0
end_of_record
TN:
SF:src\app\ui\components\baseComponent\AppCard.tsx
FN:37,(anonymous_0)
FNF:1
FNH:1
FNDA:2,(anonymous_0)
DA:37,1
DA:46,2
DA:47,2
DA:48,2
DA:50,2
LF:5
LH:5
BRDA:46,0,0,2
BRDA:46,0,1,2
BRDA:46,0,2,0
BRDA:46,0,3,0
BRDA:47,1,0,2
BRDA:47,1,1,0
BRDA:47,1,2,0
BRDA:48,2,0,2
BRDA:48,2,1,0
BRDA:56,3,0,0
BRDA:56,3,1,2
BRDA:60,4,0,2
BRDA:60,4,1,2
BRDA:68,5,0,2
BRDA:68,5,1,0
BRDA:70,6,0,0
BRDA:70,6,1,0
BRDA:71,7,0,0
BRDA:71,7,1,0
BRDA:72,8,0,0
BRDA:72,8,1,0
BRDA:78,9,0,2
BRDA:78,9,1,1
BRDA:80,10,0,2
BRDA:80,10,1,0
BRF:25
BRH:11
end_of_record
TN:
SF:src\app\ui\components\baseComponent\AppModal.tsx
FN:22,(anonymous_0)
FNF:1
FNH:1
FNDA:2,(anonymous_0)
DA:22,1
DA:35,2
LF:2
LH:2
BRDA:29,0,0,2
BRDA:30,1,0,2
BRDA:45,2,0,2
BRDA:45,2,1,2
BRDA:45,2,2,0
BRDA:59,3,0,2
BRDA:59,3,1,2
BRDA:70,4,0,2
BRDA:70,4,1,0
BRF:9
BRH:7
end_of_record
TN:
SF:src\app\ui\components\baseComponent\AppTable.tsx
FN:31,AppTable
FN:55,(anonymous_1)
FN:68,(anonymous_2)
FN:75,(anonymous_3)
FNF:4
FNH:4
FNDA:2,AppTable
FNDA:2,(anonymous_1)
FNDA:4,(anonymous_2)
FNDA:4,(anonymous_3)
DA:39,2
DA:56,2
DA:69,4
DA:73,4
DA:76,4
LF:5
LH:5
BRDA:41,0,0,2
BRDA:41,0,1,0
BRDA:52,1,0,0
BRDA:52,1,1,2
BRDA:58,2,0,2
BRDA:58,2,1,2
BRDA:59,3,0,0
BRDA:59,3,1,2
BRDA:69,4,0,4
BRDA:69,4,1,0
BRDA:78,5,0,4
BRDA:78,5,1,4
BRDA:80,6,0,0
BRDA:80,6,1,4
BRF:14
BRH:9
end_of_record
TN:
SF:src\app\ui\components\core\AppButton.tsx
FN:13,(anonymous_0)
FNF:1
FNH:1
FNDA:5,(anonymous_0)
DA:13,2
DA:14,5
LF:2
LH:2
BRF:0
BRH:0
end_of_record
TN:
SF:src\app\ui\components\core\AppCheckbox.tsx
FN:12,(anonymous_0)
FNF:1
FNH:0
FNDA:0,(anonymous_0)
DA:12,2
DA:17,0
DA:18,0
DA:19,0
LF:4
LH:1
BRDA:17,0,0,0
BRDA:17,0,1,0
BRDA:19,1,0,0
BRDA:19,1,1,0
BRF:4
BRH:0
end_of_record
TN:
SF:src\app\ui\components\core\AppIcon.tsx
FN:11,(anonymous_0)
FNF:1
FNH:0
FNDA:0,(anonymous_0)
DA:11,2
DA:12,0
LF:2
LH:1
BRDA:12,0,0,0
BRDA:12,0,1,0
BRF:2
BRH:0
end_of_record
TN:
SF:src\app\ui\components\core\AppIconButton.tsx
FN:15,(anonymous_0)
FNF:1
FNH:0
FNDA:0,(anonymous_0)
DA:15,2
DA:16,0
LF:2
LH:1
BRF:0
BRH:0
end_of_record
TN:
SF:src\app\ui\components\core\AppImage.tsx
FN:9,(anonymous_0)
FNF:1
FNH:0
FNDA:0,(anonymous_0)
DA:9,2
DA:15,0
DA:30,0
DA:40,0
LF:4
LH:1
BRDA:11,0,0,0
BRDA:15,1,0,0
BRDA:15,1,1,0
BRDA:31,2,0,0
BRDA:31,2,1,0
BRDA:32,3,0,0
BRDA:32,3,1,0
BRDA:33,4,0,0
BRDA:33,4,1,0
BRDA:35,5,0,0
BRDA:35,5,1,0
BRDA:36,6,0,0
BRDA:36,6,1,0
BRF:13
BRH:0
end_of_record
TN:
SF:src\app\ui\components\core\AppInput.tsx
FN:13,(anonymous_0)
FNF:1
FNH:1
FNDA:10,(anonymous_0)
DA:13,2
DA:22,10
DA:24,10
LF:3
LH:3
BRDA:14,0,0,10
BRDA:28,1,0,0
BRDA:28,1,1,10
BRDA:29,2,0,10
BRDA:29,2,1,10
BRDA:30,3,0,0
BRDA:30,3,1,10
BRDA:31,4,0,10
BRDA:31,4,1,10
BRDA:32,5,0,10
BRDA:32,5,1,10
BRF:11
BRH:9
end_of_record
TN:
SF:src\app\ui\components\core\AppRadio.tsx
FN:19,mapAppColorToRadio
FN:41,(anonymous_1)
FN:58,(anonymous_2)
FNF:3
FNH:0
FNDA:0,mapAppColorToRadio
FNDA:0,(anonymous_1)
FNDA:0,(anonymous_2)
DA:4,2
DA:20,0
DA:21,0
DA:22,0
DA:24,0
DA:41,2
DA:49,0
DA:51,0
DA:59,0
LF:9
LH:2
BRDA:20,0,0,0
BRDA:20,0,1,0
BRDA:20,1,0,0
BRDA:20,1,1,0
BRDA:21,2,0,0
BRDA:21,2,1,0
BRDA:43,3,0,0
BRF:7
BRH:0
end_of_record
TN:
SF:src\app\ui\components\core\AppSelect.tsx
FN:31,(anonymous_0)
FN:42,(anonymous_1)
FN:44,(anonymous_2)
FN:69,(anonymous_3)
FNF:4
FNH:0
FNDA:0,(anonymous_0)
FNDA:0,(anonymous_1)
FNDA:0,(anonymous_2)
FNDA:0,(anonymous_3)
DA:31,2
DA:42,0
DA:43,0
DA:44,0
DA:45,0
DA:46,0
DA:48,0
DA:52,0
DA:54,0
DA:70,0
LF:10
LH:1
BRDA:36,0,0,0
BRDA:37,1,0,0
BRDA:45,2,0,0
BRDA:45,2,1,0
BRDA:45,3,0,0
BRDA:45,3,1,0
BRDA:52,4,0,0
BRDA:52,4,1,0
BRDA:61,5,0,0
BRDA:61,5,1,0
BRDA:75,6,0,0
BRDA:75,6,1,0
BRF:12
BRH:0
end_of_record
TN:
SF:src\app\ui\components\core\AppTypography.tsx
FN:11,(anonymous_0)
FNF:1
FNH:1
FNDA:6,(anonymous_0)
DA:11,2
DA:12,6
LF:2
LH:2
BRF:0
BRH:0
end_of_record
TN:
SF:src\app\ui\components\core\AppVideo.tsx
FN:39,(anonymous_0)
FN:94,(anonymous_1)
FNF:2
FNH:0
FNDA:0,(anonymous_0)
FNDA:0,(anonymous_1)
DA:39,2
DA:52,0
DA:67,0
DA:83,0
DA:95,0
LF:5
LH:1
BRDA:42,0,0,0
BRDA:43,1,0,0
BRDA:47,2,0,0
BRDA:52,3,0,0
BRDA:52,3,1,0
BRDA:55,4,0,0
BRDA:55,4,1,0
BRDA:62,5,0,0
BRDA:62,5,1,0
BRDA:67,6,0,0
BRDA:67,6,1,0
BRDA:78,7,0,0
BRDA:78,7,1,0
BRDA:98,8,0,0
BRDA:98,8,1,0
BRDA:104,9,0,0
BRDA:104,9,1,0
BRF:17
BRH:0
end_of_record
TN:
SF:src\app\ui\components\core\index.ts
FNF:0
FNH:0
LF:0
LH:0
BRF:0
BRH:0
end_of_record
TN:
SF:src\app\ui\components\layout\AppFooter.tsx
FN:8,(anonymous_0)
FNF:1
FNH:1
FNDA:9,(anonymous_0)
DA:8,4
DA:11,9
LF:2
LH:2
BRDA:9,0,0,9
BRF:1
BRH:1
end_of_record
TN:
SF:src\app\ui\components\layout\AppHeader.tsx
FN:9,(anonymous_0)
FNF:1
FNH:1
FNDA:12,(anonymous_0)
DA:9,4
DA:13,12
LF:2
LH:2
BRDA:10,0,0,12
BRF:1
BRH:1
end_of_record
TN:
SF:src\app\ui\components\layout\AppSidebar.tsx
FN:28,(anonymous_0)
FN:41,(anonymous_1)
FNF:2
FNH:2
FNDA:9,(anonymous_0)
FNDA:9,(anonymous_1)
DA:28,4
DA:34,9
DA:35,9
DA:38,9
DA:42,9
DA:51,9
LF:6
LH:6
BRDA:32,0,0,9
BRDA:43,1,0,9
BRDA:43,1,1,0
BRDA:54,2,0,9
BRDA:54,2,1,9
BRDA:70,3,0,9
BRDA:70,3,1,0
BRF:7
BRH:5
end_of_record
TN:
SF:src\app\ui\login-pages\Login.tsx
FN:8,(anonymous_0)
FN:18,(anonymous_1)
FN:24,(anonymous_2)
FN:56,(anonymous_3)
FN:62,(anonymous_4)
FNF:5
FNH:2
FNDA:5,(anonymous_0)
FNDA:5,(anonymous_1)
FNDA:0,(anonymous_2)
FNDA:0,(anonymous_3)
FNDA:0,(anonymous_4)
DA:8,2
DA:9,5
DA:10,5
DA:11,5
DA:12,5
DA:13,5
DA:15,5
DA:16,5
DA:18,5
DA:19,5
DA:20,0
DA:24,5
DA:25,0
DA:26,0
DA:29,5
DA:56,0
DA:62,0
LF:17
LH:12
BRDA:19,0,0,0
BRDA:19,0,1,5
BRDA:65,1,0,5
BRDA:65,1,1,1
BRDA:79,2,0,0
BRDA:79,2,1,5
BRF:6
BRH:4
end_of_record
TN:
SF:src\app\ui\themes\theme.ts
FNF:0
FNH:0
DA:5,3
LF:1
LH:1
BRF:0
BRH:0
end_of_record
TN:
SF:src\app\ui\themes\theme-one\index.tsx
FNF:0
FNH:0
DA:7,1
DA:31,1
LF:2
LH:2
BRF:0
BRH:0
end_of_record
TN:
SF:src\app\ui\themes\theme-one\layout\AppLayout.tsx
FN:14,(anonymous_0)
FN:28,(anonymous_1)
FNF:2
FNH:1
FNDA:4,(anonymous_0)
FNDA:0,(anonymous_1)
DA:14,2
DA:19,4
DA:21,4
DA:28,0
LF:4
LH:3
BRDA:16,0,0,4
BRDA:17,1,0,4
BRDA:24,2,0,4
BRDA:24,2,1,3
BRDA:45,3,0,4
BRDA:45,3,1,3
BRF:6
BRH:6
end_of_record
TN:
SF:src\app\ui\themes\theme-one\pages\Dashboard.tsx
FN:1,(anonymous_0)
FNF:1
FNH:1
FNDA:2,(anonymous_0)
DA:1,2
DA:2,2
LF:2
LH:2
BRF:0
BRH:0
end_of_record
TN:
SF:src\app\ui\themes\theme-one\pages\Notification.tsx
FN:1,(anonymous_0)
FNF:1
FNH:1
FNDA:2,(anonymous_0)
DA:1,2
DA:2,2
LF:2
LH:2
BRF:0
BRH:0
end_of_record
TN:
SF:src\app\ui\themes\theme-three\index.tsx
FNF:0
FNH:0
DA:7,1
DA:16,1
LF:2
LH:2
BRF:0
BRH:0
end_of_record
TN:
SF:src\app\ui\themes\theme-three\layout\AppLayoutThree.tsx
FN:14,(anonymous_0)
FN:28,(anonymous_1)
FNF:2
FNH:1
FNDA:4,(anonymous_0)
FNDA:0,(anonymous_1)
DA:14,2
DA:19,4
DA:21,4
DA:28,0
LF:4
LH:3
BRDA:16,0,0,4
BRDA:17,1,0,4
BRDA:24,2,0,4
BRDA:24,2,1,3
BRDA:45,3,0,4
BRDA:45,3,1,3
BRF:6
BRH:6
end_of_record
TN:
SF:src\app\ui\themes\theme-three\pages\Dashboard.tsx
FN:1,(anonymous_0)
FNF:1
FNH:1
FNDA:2,(anonymous_0)
DA:1,2
DA:2,2
LF:2
LH:2
BRF:0
BRH:0
end_of_record
TN:
SF:src\app\ui\themes\theme-three\pages\Notification.tsx
FN:1,(anonymous_0)
FNF:1
FNH:1
FNDA:2,(anonymous_0)
DA:1,2
DA:2,2
LF:2
LH:2
BRF:0
BRH:0
end_of_record
TN:
SF:src\app\ui\themes\theme-two\index.tsx
FNF:0
FNH:0
DA:7,1
DA:21,1
LF:2
LH:2
BRF:0
BRH:0
end_of_record
TN:
SF:src\app\ui\themes\theme-two\layout\AppLayoutTwo.tsx
FN:14,(anonymous_0)
FN:28,(anonymous_1)
FNF:2
FNH:1
FNDA:4,(anonymous_0)
FNDA:0,(anonymous_1)
DA:14,2
DA:19,4
DA:21,4
DA:28,0
LF:4
LH:3
BRDA:16,0,0,4
BRDA:17,1,0,4
BRDA:24,2,0,4
BRDA:24,2,1,3
BRDA:45,3,0,4
BRDA:45,3,1,3
BRF:6
BRH:6
end_of_record
TN:
SF:src\app\ui\themes\theme-two\pages\Dashboard.tsx
FN:1,(anonymous_0)
FNF:1
FNH:1
FNDA:2,(anonymous_0)
DA:1,2
DA:2,2
LF:2
LH:2
BRF:0
BRH:0
end_of_record
TN:
SF:src\app\ui\themes\theme-two\pages\Notification.tsx
FN:1,(anonymous_0)
FNF:1
FNH:1
FNDA:2,(anonymous_0)
DA:1,2
DA:2,2
LF:2
LH:2
BRF:0
BRH:0
end_of_record
